# configure exec: ./configure --prefix=/Users/marcelorl/Development/graphql-sse-example/node_modules/node-rdkafka/build/deps --libdir=/Users/marcelorl/Development/graphql-sse-example/node_modules/node-rdkafka/build/deps --prefix=/Users/marcelorl/Development/graphql-sse-example/node_modules/node-rdkafka/build/deps --libdir=/Users/marcelorl/Development/graphql-sse-example/node_modules/node-rdkafka/build/deps
# On Sat Feb  8 00:44:23 -03 2020
DBG 10676: Setting distro (distro) status to ok (action ignore)
DBG 10676: ccenv: WITH_CC:  --version failed: mklove/modules/configure.base: line 1711: --version: command not found
DBG 10676: Setting ccenv (ccenv) status to failed (action cont)
DBG 10676: Check ccenv (WITH_CC, action cont (originally cont)) failed: command ' --version' failed:
mklove/modules/configure.base: line 1711: --version: command not found
DBG 10676: Setting gcc (gcc) status to ok (action cont)
DBG 10676: cxxenv: WITH_CXX:  --version failed: mklove/modules/configure.base: line 1711: --version: command not found
DBG 10676: Setting cxxenv (cxxenv) status to failed (action cont)
DBG 10676: Check cxxenv (WITH_CXX, action cont (originally cont)) failed: command ' --version' failed:
mklove/modules/configure.base: line 1711: --version: command not found
DBG 10676: Setting gxx (gxx) status to ok (action cont)
DBG 10676: Setting ld (ld) status to ok (action disable)
DBG 10676: Setting nm (nm) status to ok (action disable)
DBG 10676: Setting objdump (objdump) status to ok (action disable)
DBG 10676: Setting strip (strip) status to ok (action disable)
DBG 10676: Compile check cc_g_dwarf () (sub=0): gcc   -Wall -Werror _mkltmpIMbOia.c -o _mkltmpIMbOia.c.o  -L/Users/marcelorl/Development/graphql-sse-example/node_modules/node-rdkafka/build/deps -gstrict-dwarf
DBG 10676: Setting cc_g_dwarf (cc_g_dwarf) status to ok (action cont)
DBG 10676: Setting pkgconfig (pkgconfig) status to ok (action cont)
DBG 10676: install: WITH_INSTALL: install --version failed: install: illegal option -- -
usage: install [-bCcpSsv] [-B suffix] [-f flags] [-g group] [-m mode]
               [-o owner] file1 file2
       install [-bCcpSsv] [-B suffix] [-f flags] [-g group] [-m mode]
               [-o owner] file1 ... fileN directory
       install -d [-v] [-g group] [-m mode] [-o owner] directory ...
DBG 10676: Setting install (install) status to failed (action cont)
DBG 10676: Check install (WITH_INSTALL, action cont (originally cont)) failed: command 'install --version' failed:
install: illegal option -- -
usage: install [-bCcpSsv] [-B suffix] [-f flags] [-g group] [-m mode]
               [-o owner] file1 file2
       install [-bCcpSsv] [-B suffix] [-f flags] [-g group] [-m mode]
               [-o owner] file1 ... fileN directory
       install -d [-v] [-g group] [-m mode] [-o owner] directory ...
DBG 10676: Compile check PIC (HAVE_PIC) (sub=0): gcc  -gstrict-dwarf -O2 -Wall -Werror _mkltmpdwOkE4.c -o _mkltmpdwOkE4.c.o  -L/Users/marcelorl/Development/graphql-sse-example/node_modules/node-rdkafka/build/deps -fPIC
DBG 10676: Setting PIC (PIC) status to ok (action disable)
DBG 10676: Compile check gnulib (WITH_GNULD) (sub=0): gcc  -gstrict-dwarf -O2 -fPIC -Wall -Werror _mkltmp9RIGYP.c -o _mkltmp9RIGYP.c.o  -L/Users/marcelorl/Development/graphql-sse-example/node_modules/node-rdkafka/build/deps -shared -Wl,-soname,mkltest.0
DBG 10676: compile check for gnulib (WITH_GNULD) failed: gcc  -gstrict-dwarf -O2 -fPIC -Wall -Werror _mkltmp9RIGYP.c -o _mkltmp9RIGYP.c.o  -L/Users/marcelorl/Development/graphql-sse-example/node_modules/node-rdkafka/build/deps -shared -Wl,-soname,mkltest.0: ld: unknown option: -soname
clang: error: linker command failed with exit code 1 (use -v to see invocation)
DBG 10676: Setting gnulib (gnulib) status to failed (action cont)
DBG 10676: Check gnulib (WITH_GNULD, action cont (originally cont)) failed: compile check failed:
CC: CC
flags: -shared -Wl,-soname,mkltest.0
gcc  -gstrict-dwarf -O2 -fPIC -Wall -Werror _mkltmp9RIGYP.c -o _mkltmp9RIGYP.c.o  -L/Users/marcelorl/Development/graphql-sse-example/node_modules/node-rdkafka/build/deps -shared -Wl,-soname,mkltest.0:
ld: unknown option: -soname
clang: error: linker command failed with exit code 1 (use -v to see invocation)
source: 
DBG 10676: Compile check osxlib (WITH_OSXLD) (sub=0): gcc  -gstrict-dwarf -O2 -fPIC -Wall -Werror _mkltmpf7Pcgw.c -o _mkltmpf7Pcgw.c.o  -L/Users/marcelorl/Development/graphql-sse-example/node_modules/node-rdkafka/build/deps -dynamiclib -Wl,-install_name,/tmp/mkltest.so.0
DBG 10676: Setting osxlib (osxlib) status to ok (action cont)
DBG 10676: Compile check ldsflagvs () (sub=0): gcc  -gstrict-dwarf -O2 -fPIC -Wall -Werror _mkltmpM41aY2.c -o _mkltmpM41aY2.c.o  -L/Users/marcelorl/Development/graphql-sse-example/node_modules/node-rdkafka/build/deps -shared -Wl,--version-script=_mkltmp5s7LnC
DBG 10676: compile check for ldsflagvs () failed: gcc  -gstrict-dwarf -O2 -fPIC -Wall -Werror _mkltmpM41aY2.c -o _mkltmpM41aY2.c.o  -L/Users/marcelorl/Development/graphql-sse-example/node_modules/node-rdkafka/build/deps -shared -Wl,--version-script=_mkltmp5s7LnC: ld: unknown option: --version-script=_mkltmp5s7LnC
clang: error: linker command failed with exit code 1 (use -v to see invocation)
DBG 10676: Setting ldsflagvs (ldsflagvs) status to failed (action cont)
DBG 10676: Check ldsflagvs (, action cont (originally cont)) failed: compile check failed:
CC: CC
flags: -shared -Wl,--version-script=_mkltmp5s7LnC
gcc  -gstrict-dwarf -O2 -fPIC -Wall -Werror _mkltmpM41aY2.c -o _mkltmpM41aY2.c.o  -L/Users/marcelorl/Development/graphql-sse-example/node_modules/node-rdkafka/build/deps -shared -Wl,--version-script=_mkltmp5s7LnC:
ld: unknown option: --version-script=_mkltmp5s7LnC
clang: error: linker command failed with exit code 1 (use -v to see invocation)
source: 
DBG 10676: Compile check ldsflagm () (sub=0): gcc  -gstrict-dwarf -O2 -fPIC -Wall -Werror _mkltmpLCUW0y.c -o _mkltmpLCUW0y.c.o  -L/Users/marcelorl/Development/graphql-sse-example/node_modules/node-rdkafka/build/deps -shared -Wl,-M_mkltmp5s7LnC
DBG 10676: compile check for ldsflagm () failed: gcc  -gstrict-dwarf -O2 -fPIC -Wall -Werror _mkltmpLCUW0y.c -o _mkltmpLCUW0y.c.o  -L/Users/marcelorl/Development/graphql-sse-example/node_modules/node-rdkafka/build/deps -shared -Wl,-M_mkltmp5s7LnC: ld: unknown option: -M_mkltmp5s7LnC
clang: error: linker command failed with exit code 1 (use -v to see invocation)
DBG 10676: Setting ldsflagm (ldsflagm) status to failed (action ignore)
DBG 10676: Check ldsflagm (, action ignore (originally ignore)) failed: compile check failed:
CC: CC
flags: -shared -Wl,-M_mkltmp5s7LnC
gcc  -gstrict-dwarf -O2 -fPIC -Wall -Werror _mkltmpLCUW0y.c -o _mkltmpLCUW0y.c.o  -L/Users/marcelorl/Development/graphql-sse-example/node_modules/node-rdkafka/build/deps -shared -Wl,-M_mkltmp5s7LnC:
ld: unknown option: -M_mkltmp5s7LnC
clang: error: linker command failed with exit code 1 (use -v to see invocation)
source: 
DBG 10676: Compile check __atomic_32 (HAVE_ATOMICS_32) (sub=0): gcc  -gstrict-dwarf -O2 -fPIC -Wall -Werror _mkltmpRStBa5.c -o _mkltmpRStBa5.c.o  -L/Users/marcelorl/Development/graphql-sse-example/node_modules/node-rdkafka/build/deps 
DBG 10676: Setting __atomic_32 (__atomic_32) status to ok (action cont)
DBG 10676: Compile check __atomic_64 (HAVE_ATOMICS_64) (sub=0): gcc  -gstrict-dwarf -O2 -fPIC -Wall -Werror _mkltmpsjuwnp.c -o _mkltmpsjuwnp.c.o  -L/Users/marcelorl/Development/graphql-sse-example/node_modules/node-rdkafka/build/deps 
DBG 10676: Setting __atomic_64 (__atomic_64) status to ok (action cont)
DBG 10676: Compile check socket () (sub=0): gcc  -gstrict-dwarf -O2 -fPIC -Wall -Wsign-compare -Wfloat-equal -Wpointer-arith -Wcast-align -Wall -Werror _mkltmpf8185Q.c -o _mkltmpf8185Q.c.o  -L/Users/marcelorl/Development/graphql-sse-example/node_modules/node-rdkafka/build/deps 
DBG 10676: Setting socket (socket) status to ok (action cont)
DBG 10676: Setting parseversion (parseversion) status to ok (action cont)
DBG 10676: pkg-config check librt for CFLAGS (): pkg-config --short-errors --cflags librt
DBG 10676: 'pkg-config --short-errors --cflags librt' failed: No package 'librt' found
DBG 10676: Setting librt_PKGCONFIG (librt_PKGCONFIG) status to failed (action cont)
DBG 10676: Check librt_PKGCONFIG (, action cont (originally cont)) failed: 'pkg-config --short-errors --cflags librt' failed:
No package 'librt' found
DBG 10676: librt: Check for static library (libs -lrt, arfile variable STATIC_LIB_librt=, static filenames )
DBG 10676: Compile check librt () (sub=0): gcc  -gstrict-dwarf -O2 -fPIC -Wall -Wsign-compare -Wfloat-equal -Wpointer-arith -Wcast-align -Wall -Werror _mkltmpxtg9lB.c -o _mkltmpxtg9lB.c.o  -L/Users/marcelorl/Development/graphql-sse-example/node_modules/node-rdkafka/build/deps -lrt
DBG 10676: compile check for librt () failed: gcc  -gstrict-dwarf -O2 -fPIC -Wall -Wsign-compare -Wfloat-equal -Wpointer-arith -Wcast-align -Wall -Werror _mkltmpxtg9lB.c -o _mkltmpxtg9lB.c.o  -L/Users/marcelorl/Development/graphql-sse-example/node_modules/node-rdkafka/build/deps -lrt: ld: library not found for -lrt
clang: error: linker command failed with exit code 1 (use -v to see invocation)
DBG 10676: Setting librt (librt) status to failed (action cont)
DBG 10676: Check librt (, action cont (originally cont)) failed: compile check failed:
CC: CC
flags: -lrt
gcc  -gstrict-dwarf -O2 -fPIC -Wall -Wsign-compare -Wfloat-equal -Wpointer-arith -Wcast-align -Wall -Werror _mkltmpxtg9lB.c -o _mkltmpxtg9lB.c.o  -L/Users/marcelorl/Development/graphql-sse-example/node_modules/node-rdkafka/build/deps -lrt:
ld: library not found for -lrt
clang: error: linker command failed with exit code 1 (use -v to see invocation)
source: 
DBG 10676: pkg-config check libpthread for CFLAGS (): pkg-config --short-errors --cflags libpthread
DBG 10676: 'pkg-config --short-errors --cflags libpthread' failed: No package 'libpthread' found
DBG 10676: Setting libpthread_PKGCONFIG (libpthread_PKGCONFIG) status to failed (action cont)
DBG 10676: Check libpthread_PKGCONFIG (, action cont (originally cont)) failed: 'pkg-config --short-errors --cflags libpthread' failed:
No package 'libpthread' found
DBG 10676: libpthread: Check for static library (libs -lpthread, arfile variable STATIC_LIB_libpthread=, static filenames )
DBG 10676: Compile check libpthread () (sub=0): gcc  -gstrict-dwarf -O2 -fPIC -Wall -Wsign-compare -Wfloat-equal -Wpointer-arith -Wcast-align -Wall -Werror _mkltmpMJao06.c -o _mkltmpMJao06.c.o  -L/Users/marcelorl/Development/graphql-sse-example/node_modules/node-rdkafka/build/deps -lpthread
DBG 10676: Setting libpthread (libpthread) status to ok (action fail)
DBG 10676: libpthread: from lib_check: LIBS: prepend -lpthread
DBG 10676: pkg-config check c11threads for CFLAGS (WITH_C11THREADS): pkg-config --short-errors --cflags c11threads
DBG 10676: 'pkg-config --short-errors --cflags c11threads' failed: No package 'c11threads' found
DBG 10676: Setting c11threads_PKGCONFIG (c11threads_PKGCONFIG) status to failed (action cont)
DBG 10676: Check c11threads_PKGCONFIG (, action cont (originally cont)) failed: 'pkg-config --short-errors --cflags c11threads' failed:
No package 'c11threads' found
DBG 10676: c11threads: Check for static library (libs -lpthread, arfile variable STATIC_LIB_c11threads=, static filenames )
DBG 10676: Compile check c11threads (WITH_C11THREADS) (sub=0): gcc  -gstrict-dwarf -O2 -fPIC -Wall -Wsign-compare -Wfloat-equal -Wpointer-arith -Wcast-align -Wall -Werror _mkltmpubvkMP.c -o _mkltmpubvkMP.c.o  -L/Users/marcelorl/Development/graphql-sse-example/node_modules/node-rdkafka/build/deps -lpthread
DBG 10676: compile check for c11threads (WITH_C11THREADS) failed: gcc  -gstrict-dwarf -O2 -fPIC -Wall -Wsign-compare -Wfloat-equal -Wpointer-arith -Wcast-align -Wall -Werror _mkltmpubvkMP.c -o _mkltmpubvkMP.c.o  -L/Users/marcelorl/Development/graphql-sse-example/node_modules/node-rdkafka/build/deps -lpthread: _mkltmpubvkMP.c:2:10: fatal error: 'threads.h' file not found
#include <threads.h>
         ^~~~~~~~~~~
1 error generated.
DBG 10676: Setting c11threads (c11threads) status to failed (action disable)
DBG 10676: Check c11threads (WITH_C11THREADS, action disable (originally disable)) failed: compile check failed:
CC: CC
flags: -lpthread
gcc  -gstrict-dwarf -O2 -fPIC -Wall -Wsign-compare -Wfloat-equal -Wpointer-arith -Wcast-align -Wall -Werror _mkltmpubvkMP.c -o _mkltmpubvkMP.c.o  -L/Users/marcelorl/Development/graphql-sse-example/node_modules/node-rdkafka/build/deps -lpthread:
_mkltmpubvkMP.c:2:10: fatal error: 'threads.h' file not found
#include <threads.h>
         ^~~~~~~~~~~
1 error generated.
source: 
#include <threads.h>


static int start_func (void *arg) {
   int iarg = *(int *)arg;
   return iarg;
}

void foo (void) {
    thrd_t thr;
    int arg = 1;
    if (thrd_create(&thr, start_func, (void *)&arg) != thrd_success) {
      ;
    }
}

DBG 10676: pkg-config check libdl for CFLAGS (WITH_LIBDL): pkg-config --short-errors --cflags libdl
DBG 10676: 'pkg-config --short-errors --cflags libdl' failed: No package 'libdl' found
DBG 10676: Setting libdl_PKGCONFIG (libdl_PKGCONFIG) status to failed (action cont)
DBG 10676: Check libdl_PKGCONFIG (, action cont (originally cont)) failed: 'pkg-config --short-errors --cflags libdl' failed:
No package 'libdl' found
DBG 10676: libdl: Check for static library (libs -ldl, arfile variable STATIC_LIB_libdl=, static filenames )
DBG 10676: Compile check libdl (WITH_LIBDL) (sub=0): gcc  -gstrict-dwarf -O2 -fPIC -Wall -Wsign-compare -Wfloat-equal -Wpointer-arith -Wcast-align -Wall -Werror _mkltmpkLWzif.c -o _mkltmpkLWzif.c.o  -L/Users/marcelorl/Development/graphql-sse-example/node_modules/node-rdkafka/build/deps -ldl
DBG 10676: Setting libdl (libdl) status to ok (action disable)
DBG 10676: libdl: from lib_check: LIBS: prepend -ldl
DBG 10676: pkg-config check zlib for CFLAGS (WITH_ZLIB): pkg-config --short-errors --cflags zlib
DBG 10676: pkg-config check zlib for LIBS (WITH_ZLIB): pkg-config --short-errors --libs zlib
DBG 10676: zlib: from pkg-config: CFLAGS '', LIBS '-ldl -lpthread'
DBG 10676: zlib: performing compile check using pkg-config info
DBG 10676: Compile check zlib (WITH_ZLIB) (sub=1): gcc  -gstrict-dwarf -O2 -fPIC -Wall -Wsign-compare -Wfloat-equal -Wpointer-arith -Wcast-align -Wall -Werror _mkltmpseoiKa.c -o _mkltmpseoiKa.c.o  -L/Users/marcelorl/Development/graphql-sse-example/node_modules/node-rdkafka/build/deps  -lz
DBG 10676: zlib: Check for static library (libs -lz, arfile variable STATIC_LIB_zlib=, static filenames libz.a)
DBG 10676: zlib: from pkg-config: LIBS: prepend -lz
DBG 10676: Setting zlib (zlib) status to ok (action cont)
DBG 10676: pkg-config check libcrypto for CFLAGS (): pkg-config --short-errors --cflags libcrypto
DBG 10676: 'pkg-config --short-errors --cflags libcrypto' failed: No package 'libcrypto' found
DBG 10676: Setting libcrypto_PKGCONFIG (libcrypto_PKGCONFIG) status to failed (action cont)
DBG 10676: Check libcrypto_PKGCONFIG (, action cont (originally cont)) failed: 'pkg-config --short-errors --cflags libcrypto' failed:
No package 'libcrypto' found
DBG 10676: libcrypto: Check for static library (libs -lcrypto, arfile variable STATIC_LIB_libcrypto=, static filenames libcrypto.a)
DBG 10676: Compile check libcrypto () (sub=0): gcc  -gstrict-dwarf -O2 -fPIC -Wall -Wsign-compare -Wfloat-equal -Wpointer-arith -Wcast-align -Wall -Werror _mkltmp5jrtvb.c -o _mkltmp5jrtvb.c.o  -L/Users/marcelorl/Development/graphql-sse-example/node_modules/node-rdkafka/build/deps -lcrypto
DBG 10676: compile check for libcrypto () failed: gcc  -gstrict-dwarf -O2 -fPIC -Wall -Wsign-compare -Wfloat-equal -Wpointer-arith -Wcast-align -Wall -Werror _mkltmp5jrtvb.c -o _mkltmp5jrtvb.c.o  -L/Users/marcelorl/Development/graphql-sse-example/node_modules/node-rdkafka/build/deps -lcrypto: _mkltmp5jrtvb.c:2:10: fatal error: 'openssl/ssl.h' file not found
#include <openssl/ssl.h>
         ^~~~~~~~~~~~~~~
1 error generated.
DBG 10676: Setting libcrypto (libcrypto) status to failed (action disable)
DBG 10676: Check libcrypto (, action disable (originally disable)) failed: compile check failed:
CC: CC
flags: -lcrypto
gcc  -gstrict-dwarf -O2 -fPIC -Wall -Wsign-compare -Wfloat-equal -Wpointer-arith -Wcast-align -Wall -Werror _mkltmp5jrtvb.c -o _mkltmp5jrtvb.c.o  -L/Users/marcelorl/Development/graphql-sse-example/node_modules/node-rdkafka/build/deps -lcrypto:
_mkltmp5jrtvb.c:2:10: fatal error: 'openssl/ssl.h' file not found
#include <openssl/ssl.h>
         ^~~~~~~~~~~~~~~
1 error generated.
source: 
#include <openssl/ssl.h>
#include <openssl/evp.h>
#if OPENSSL_VERSION_NUMBER < 0x1000100fL
#error "Requires OpenSSL version >= v1.0.1"
#endif
DBG 10676: pkg-config check libsasl2 for CFLAGS (WITH_SASL_CYRUS): pkg-config --short-errors --cflags libsasl2
DBG 10676: 'pkg-config --short-errors --cflags libsasl2' failed: No package 'libsasl2' found
DBG 10676: Setting libsasl2_PKGCONFIG (libsasl2_PKGCONFIG) status to failed (action cont)
DBG 10676: Check libsasl2_PKGCONFIG (, action cont (originally cont)) failed: 'pkg-config --short-errors --cflags libsasl2' failed:
No package 'libsasl2' found
DBG 10676: libsasl2: Check for static library (libs -lsasl2, arfile variable STATIC_LIB_libsasl2=, static filenames )
DBG 10676: Compile check libsasl2 (WITH_SASL_CYRUS) (sub=0): gcc  -gstrict-dwarf -O2 -fPIC -Wall -Wsign-compare -Wfloat-equal -Wpointer-arith -Wcast-align -Wall -Werror _mkltmpD5TnUO.c -o _mkltmpD5TnUO.c.o  -L/Users/marcelorl/Development/graphql-sse-example/node_modules/node-rdkafka/build/deps -lsasl2
DBG 10676: Setting libsasl2 (libsasl2) status to ok (action disable)
DBG 10676: libsasl2: from lib_check: LIBS: prepend -lsasl2
DBG 10676: pkg-config check libzstd for CFLAGS (WITH_ZSTD): pkg-config --short-errors --cflags libzstd
DBG 10676: 'pkg-config --short-errors --cflags libzstd' failed: No package 'libzstd' found
DBG 10676: Setting libzstd_PKGCONFIG (libzstd_PKGCONFIG) status to failed (action cont)
DBG 10676: Check libzstd_PKGCONFIG (, action cont (originally cont)) failed: 'pkg-config --short-errors --cflags libzstd' failed:
No package 'libzstd' found
DBG 10676: libzstd: Check for static library (libs -lzstd, arfile variable STATIC_LIB_libzstd=, static filenames libzstd.a)
DBG 10676: Compile check libzstd (WITH_ZSTD) (sub=0): gcc  -gstrict-dwarf -O2 -fPIC -Wall -Wsign-compare -Wfloat-equal -Wpointer-arith -Wcast-align -Wall -Werror _mkltmpTDf8o6.c -o _mkltmpTDf8o6.c.o  -L/Users/marcelorl/Development/graphql-sse-example/node_modules/node-rdkafka/build/deps -lzstd
DBG 10676: compile check for libzstd (WITH_ZSTD) failed: gcc  -gstrict-dwarf -O2 -fPIC -Wall -Wsign-compare -Wfloat-equal -Wpointer-arith -Wcast-align -Wall -Werror _mkltmpTDf8o6.c -o _mkltmpTDf8o6.c.o  -L/Users/marcelorl/Development/graphql-sse-example/node_modules/node-rdkafka/build/deps -lzstd: _mkltmpTDf8o6.c:2:10: fatal error: 'zstd.h' file not found
#include <zstd.h>
         ^~~~~~~~
1 error generated.
DBG 10676: Setting libzstd (libzstd) status to failed (action disable)
DBG 10676: Check libzstd (WITH_ZSTD, action disable (originally disable)) failed: compile check failed:
CC: CC
flags: -lzstd
gcc  -gstrict-dwarf -O2 -fPIC -Wall -Wsign-compare -Wfloat-equal -Wpointer-arith -Wcast-align -Wall -Werror _mkltmpTDf8o6.c -o _mkltmpTDf8o6.c.o  -L/Users/marcelorl/Development/graphql-sse-example/node_modules/node-rdkafka/build/deps -lzstd:
_mkltmpTDf8o6.c:2:10: fatal error: 'zstd.h' file not found
#include <zstd.h>
         ^~~~~~~~
1 error generated.
source: 
#include <zstd.h>
#include <zstd_errors.h>

void foo (void) {
     ZSTD_getFrameContentSize(NULL, 0);
}

DBG 10676: pkg-config check libm for CFLAGS (): pkg-config --short-errors --cflags libm
DBG 10676: 'pkg-config --short-errors --cflags libm' failed: No package 'libm' found
DBG 10676: Setting libm_PKGCONFIG (libm_PKGCONFIG) status to failed (action cont)
DBG 10676: Check libm_PKGCONFIG (, action cont (originally cont)) failed: 'pkg-config --short-errors --cflags libm' failed:
No package 'libm' found
DBG 10676: libm: Check for static library (libs -lm, arfile variable STATIC_LIB_libm=, static filenames )
DBG 10676: Compile check libm () (sub=0): gcc  -gstrict-dwarf -O2 -fPIC -Wall -Wsign-compare -Wfloat-equal -Wpointer-arith -Wcast-align -Wall -Werror _mkltmpWX8fGk.c -o _mkltmpWX8fGk.c.o  -L/Users/marcelorl/Development/graphql-sse-example/node_modules/node-rdkafka/build/deps -lm
DBG 10676: Setting libm (libm) status to ok (action disable)
DBG 10676: libm: from lib_check: LIBS: prepend -lm
DBG 10676: pkg-config check liblz4 for CFLAGS (WITH_LZ4_EXT): pkg-config --short-errors --cflags liblz4
DBG 10676: 'pkg-config --short-errors --cflags liblz4' failed: No package 'liblz4' found
DBG 10676: Setting liblz4_PKGCONFIG (liblz4_PKGCONFIG) status to failed (action cont)
DBG 10676: Check liblz4_PKGCONFIG (, action cont (originally cont)) failed: 'pkg-config --short-errors --cflags liblz4' failed:
No package 'liblz4' found
DBG 10676: liblz4: Check for static library (libs -llz4, arfile variable STATIC_LIB_liblz4=, static filenames liblz4.a)
DBG 10676: Compile check liblz4 (WITH_LZ4_EXT) (sub=0): gcc  -gstrict-dwarf -O2 -fPIC -Wall -Wsign-compare -Wfloat-equal -Wpointer-arith -Wcast-align -Wall -Werror _mkltmphNECjZ.c -o _mkltmphNECjZ.c.o  -L/Users/marcelorl/Development/graphql-sse-example/node_modules/node-rdkafka/build/deps -llz4
DBG 10676: compile check for liblz4 (WITH_LZ4_EXT) failed: gcc  -gstrict-dwarf -O2 -fPIC -Wall -Wsign-compare -Wfloat-equal -Wpointer-arith -Wcast-align -Wall -Werror _mkltmphNECjZ.c -o _mkltmphNECjZ.c.o  -L/Users/marcelorl/Development/graphql-sse-example/node_modules/node-rdkafka/build/deps -llz4: _mkltmphNECjZ.c:1:10: fatal error: 'lz4frame.h' file not found
#include <lz4frame.h>
         ^~~~~~~~~~~~
1 error generated.
DBG 10676: Setting liblz4 (liblz4) status to failed (action disable)
DBG 10676: Check liblz4 (WITH_LZ4_EXT, action disable (originally disable)) failed: compile check failed:
CC: CC
flags: -llz4
gcc  -gstrict-dwarf -O2 -fPIC -Wall -Wsign-compare -Wfloat-equal -Wpointer-arith -Wcast-align -Wall -Werror _mkltmphNECjZ.c -o _mkltmphNECjZ.c.o  -L/Users/marcelorl/Development/graphql-sse-example/node_modules/node-rdkafka/build/deps -llz4:
_mkltmphNECjZ.c:1:10: fatal error: 'lz4frame.h' file not found
#include <lz4frame.h>
         ^~~~~~~~~~~~
1 error generated.
source: #include <lz4frame.h>
DBG 10676: Compile check rapidjson (WITH_RAPIDJSON) (sub=0): g++  -gstrict-dwarf -O2 -fPIC -Wall -Wsign-compare -Wfloat-equal -Wpointer-arith -Wcast-align -Wall -Werror _mkltmpmCm7Ml.cpp -o _mkltmpmCm7Ml.cpp.o  -L/Users/marcelorl/Development/graphql-sse-example/node_modules/node-rdkafka/build/deps 
DBG 10676: compile check for rapidjson (WITH_RAPIDJSON) failed: g++  -gstrict-dwarf -O2 -fPIC -Wall -Wsign-compare -Wfloat-equal -Wpointer-arith -Wcast-align -Wall -Werror _mkltmpmCm7Ml.cpp -o _mkltmpmCm7Ml.cpp.o  -L/Users/marcelorl/Development/graphql-sse-example/node_modules/node-rdkafka/build/deps : _mkltmpmCm7Ml.cpp:1:10: fatal error: 'rapidjson/schema.h' file not found
#include <rapidjson/schema.h>
         ^~~~~~~~~~~~~~~~~~~~
1 error generated.
DBG 10676: Setting rapidjson (rapidjson) status to failed (action disable)
DBG 10676: Check rapidjson (WITH_RAPIDJSON, action disable (originally disable)) failed: compile check failed:
CC: CXX
flags: 
g++  -gstrict-dwarf -O2 -fPIC -Wall -Wsign-compare -Wfloat-equal -Wpointer-arith -Wcast-align -Wall -Werror _mkltmpmCm7Ml.cpp -o _mkltmpmCm7Ml.cpp.o  -L/Users/marcelorl/Development/graphql-sse-example/node_modules/node-rdkafka/build/deps :
_mkltmpmCm7Ml.cpp:1:10: fatal error: 'rapidjson/schema.h' file not found
#include <rapidjson/schema.h>
         ^~~~~~~~~~~~~~~~~~~~
1 error generated.
source: #include <rapidjson/schema.h>
DBG 10676: Compile check crc32chw (WITH_CRC32C_HW) (sub=0): gcc  -gstrict-dwarf -O2 -fPIC -Wall -Wsign-compare -Wfloat-equal -Wpointer-arith -Wcast-align -Wall -Werror _mkltmpMxVowy.c -o _mkltmpMxVowy.c.o  -L/Users/marcelorl/Development/graphql-sse-example/node_modules/node-rdkafka/build/deps 
DBG 10676: Setting crc32chw (crc32chw) status to ok (action disable)
DBG 10676: Compile check regex (HAVE_REGEX) (sub=0): gcc  -gstrict-dwarf -O2 -fPIC -Wall -Wsign-compare -Wfloat-equal -Wpointer-arith -Wcast-align -Wall -Werror _mkltmpxKjZx3.c -o _mkltmpxKjZx3.c.o  -L/Users/marcelorl/Development/graphql-sse-example/node_modules/node-rdkafka/build/deps 
DBG 10676: Setting regex (regex) status to ok (action disable)
DBG 10676: Compile check strndup (HAVE_STRNDUP) (sub=0): gcc  -gstrict-dwarf -O2 -fPIC -Wall -Wsign-compare -Wfloat-equal -Wpointer-arith -Wcast-align -Wall -Werror _mkltmpf0jNxC.c -o _mkltmpf0jNxC.c.o  -L/Users/marcelorl/Development/graphql-sse-example/node_modules/node-rdkafka/build/deps 
DBG 10676: Setting strndup (strndup) status to ok (action disable)
DBG 10676: Compile check strlcpy (HAVE_STRLCPY) (sub=0): gcc  -gstrict-dwarf -O2 -fPIC -Wall -Wsign-compare -Wfloat-equal -Wpointer-arith -Wcast-align -Wall -Werror _mkltmpyoCXI0.c -o _mkltmpyoCXI0.c.o  -L/Users/marcelorl/Development/graphql-sse-example/node_modules/node-rdkafka/build/deps 
DBG 10676: Setting strlcpy (strlcpy) status to ok (action disable)
DBG 10676: Compile check strerror_r (HAVE_STRERROR_R) (sub=0): gcc  -gstrict-dwarf -O2 -fPIC -Wall -Wsign-compare -Wfloat-equal -Wpointer-arith -Wcast-align -Wall -Werror _mkltmpqs3BNX.c -o _mkltmpqs3BNX.c.o  -L/Users/marcelorl/Development/graphql-sse-example/node_modules/node-rdkafka/build/deps 
DBG 10676: Setting strerror_r (strerror_r) status to ok (action disable)
DBG 10676: Compile check pthread_setname_gnu (HAVE_PTHREAD_SETNAME_GNU) (sub=0): gcc  -gstrict-dwarf -O2 -fPIC -Wall -Wsign-compare -Wfloat-equal -Wpointer-arith -Wcast-align -Wall -Werror _mkltmpEHXJmn.c -o _mkltmpEHXJmn.c.o  -L/Users/marcelorl/Development/graphql-sse-example/node_modules/node-rdkafka/build/deps -D_GNU_SOURCE -lpthread
DBG 10676: compile check for pthread_setname_gnu (HAVE_PTHREAD_SETNAME_GNU) failed: gcc  -gstrict-dwarf -O2 -fPIC -Wall -Wsign-compare -Wfloat-equal -Wpointer-arith -Wcast-align -Wall -Werror _mkltmpEHXJmn.c -o _mkltmpEHXJmn.c.o  -L/Users/marcelorl/Development/graphql-sse-example/node_modules/node-rdkafka/build/deps -D_GNU_SOURCE -lpthread: _mkltmpEHXJmn.c:5:38: error: too many arguments to function call, expected 1, have 2
  pthread_setname_np(pthread_self(), "abc");
  ~~~~~~~~~~~~~~~~~~                 ^~~~~
/Library/Developer/CommandLineTools/SDKs/MacOSX.sdk/usr/include/pthread.h:512:1: note: 'pthread_setname_np' declared here
__API_AVAILABLE(macos(10.6), ios(3.2))
^
/Library/Developer/CommandLineTools/SDKs/MacOSX.sdk/usr/include/Availability.h:487:162: note: expanded from macro '__API_AVAILABLE'
    #define __API_AVAILABLE(...) __API_AVAILABLE_GET_MACRO(__VA_ARGS__,__API_AVAILABLE7, __API_AVAILABLE6, __API_AVAILABLE5, __API_AVAILABLE4, __API_AVAILABLE3, __API_AVAILABLE2, __API_AVAILABLE1, 0)(__VA_ARGS__)
                                                                                                                                                                 ^
1 error generated.
DBG 10676: Setting pthread_setname_gnu (pthread_setname_gnu) status to failed (action disable)
DBG 10676: Check pthread_setname_gnu (HAVE_PTHREAD_SETNAME_GNU, action disable (originally disable)) failed: compile check failed:
CC: CC
flags: -D_GNU_SOURCE -lpthread
gcc  -gstrict-dwarf -O2 -fPIC -Wall -Wsign-compare -Wfloat-equal -Wpointer-arith -Wcast-align -Wall -Werror _mkltmpEHXJmn.c -o _mkltmpEHXJmn.c.o  -L/Users/marcelorl/Development/graphql-sse-example/node_modules/node-rdkafka/build/deps -D_GNU_SOURCE -lpthread:
_mkltmpEHXJmn.c:5:38: error: too many arguments to function call, expected 1, have 2
  pthread_setname_np(pthread_self(), "abc");
  ~~~~~~~~~~~~~~~~~~                 ^~~~~
/Library/Developer/CommandLineTools/SDKs/MacOSX.sdk/usr/include/pthread.h:512:1: note: 'pthread_setname_np' declared here
__API_AVAILABLE(macos(10.6), ios(3.2))
^
/Library/Developer/CommandLineTools/SDKs/MacOSX.sdk/usr/include/Availability.h:487:162: note: expanded from macro '__API_AVAILABLE'
    #define __API_AVAILABLE(...) __API_AVAILABLE_GET_MACRO(__VA_ARGS__,__API_AVAILABLE7, __API_AVAILABLE6, __API_AVAILABLE5, __API_AVAILABLE4, __API_AVAILABLE3, __API_AVAILABLE2, __API_AVAILABLE1, 0)(__VA_ARGS__)
                                                                                                                                                                 ^
1 error generated.
source: 
#include <pthread.h>

void foo (void) {
  pthread_setname_np(pthread_self(), "abc");
}

DBG 10676: Compile check pthread_setname_darwin (HAVE_PTHREAD_SETNAME_DARWIN) (sub=0): gcc  -gstrict-dwarf -O2 -fPIC -Wall -Wsign-compare -Wfloat-equal -Wpointer-arith -Wcast-align -Wall -Werror _mkltmpON0IgF.c -o _mkltmpON0IgF.c.o  -L/Users/marcelorl/Development/graphql-sse-example/node_modules/node-rdkafka/build/deps -D_DARWIN_C_SOURCE -lpthread
DBG 10676: Setting pthread_setname_darwin (pthread_setname_darwin) status to ok (action disable)
DBG 10676: Setting nm (nm) status to ok (action cont)
DBG 10676: Compile check getrusage (HAVE_GETRUSAGE) (sub=0): gcc  -gstrict-dwarf -O2 -fPIC -Wall -Wsign-compare -Wfloat-equal -Wpointer-arith -Wcast-align -Wall -Werror _mkltmpRyOczu.c -o _mkltmpRyOczu.c.o  -L/Users/marcelorl/Development/graphql-sse-example/node_modules/node-rdkafka/build/deps 
DBG 10676: Setting getrusage (getrusage) status to ok (action disable)
